Using pre-set license
Built from '2021.3/staging' branch; Version is '2021.3.4f1 (cb45f9cae8b7) revision 13321721'; Using compiler version '192829333'; Build Type 'Release'
OS: 'Windows 10  (10.0.19044) 64bit Professional' Language: 'en' Physical Memory: 16275 MB
BatchMode: 1, IsHumanControllingUs: 0, StartBugReporterOnCrash: 0, Is64bit: 1, IsPro: 1

COMMAND LINE ARGUMENTS:
C:\Program Files\Unity\Hub\Editor\2021.3.4f1\Editor\Unity.exe
-adb2
-batchMode
-noUpm
-name
AssetImportWorker0
-projectPath
C:/Users/G00301609/OneDrive/04-probuilder-SouthinkGaming
-logFile
Logs/AssetImportWorker0.log
-srvPort
58389
Successfully changed project path to: C:/Users/G00301609/OneDrive/04-probuilder-SouthinkGaming
C:/Users/G00301609/OneDrive/04-probuilder-SouthinkGaming
[UnityMemory] Configuration Parameters - Can be set up in boot.config
    "memorysetup-bucket-allocator-granularity=16"
    "memorysetup-bucket-allocator-bucket-count=8"
    "memorysetup-bucket-allocator-block-size=33554432"
    "memorysetup-bucket-allocator-block-count=8"
    "memorysetup-main-allocator-block-size=16777216"
    "memorysetup-thread-allocator-block-size=16777216"
    "memorysetup-gfx-main-allocator-block-size=16777216"
    "memorysetup-gfx-thread-allocator-block-size=16777216"
    "memorysetup-cache-allocator-block-size=4194304"
    "memorysetup-typetree-allocator-block-size=2097152"
    "memorysetup-profiler-bucket-allocator-granularity=16"
    "memorysetup-profiler-bucket-allocator-bucket-count=8"
    "memorysetup-profiler-bucket-allocator-block-size=33554432"
    "memorysetup-profiler-bucket-allocator-block-count=8"
    "memorysetup-profiler-allocator-block-size=16777216"
    "memorysetup-profiler-editor-allocator-block-size=1048576"
    "memorysetup-temp-allocator-size-main=16777216"
    "memorysetup-job-temp-allocator-block-size=2097152"
    "memorysetup-job-temp-allocator-block-size-background=1048576"
    "memorysetup-job-temp-allocator-reduction-small-platforms=262144"
    "memorysetup-temp-allocator-size-background-worker=32768"
    "memorysetup-temp-allocator-size-job-worker=262144"
    "memorysetup-temp-allocator-size-preload-manager=33554432"
    "memorysetup-temp-allocator-size-nav-mesh-worker=65536"
    "memorysetup-temp-allocator-size-audio-worker=65536"
    "memorysetup-temp-allocator-size-cloud-worker=32768"
    "memorysetup-temp-allocator-size-gi-baking-worker=262144"
    "memorysetup-temp-allocator-size-gfx=262144"
Refreshing native plugins compatible for Editor in 38.89 ms, found 2 plugins.
Preloading 0 native plugins for Editor in 0.00 ms.
Initialize engine version: 2021.3.4f1 (cb45f9cae8b7)
[Subsystems] Discovering subsystems at path C:/Program Files/Unity/Hub/Editor/2021.3.4f1/Editor/Data/Resources/UnitySubsystems
[Subsystems] Discovering subsystems at path C:/Users/G00301609/OneDrive/04-probuilder-SouthinkGaming/Assets
GfxDevice: creating device client; threaded=0; jobified=0
Direct3D:
    Version:  Direct3D 11.0 [level 11.1]
    Renderer: NVIDIA GeForce GTX 1060 6GB (ID=0x1c03)
    Vendor:   NVIDIA
    VRAM:     6052 MB
    Driver:   27.21.14.5751
Initialize mono
Mono path[0] = 'C:/Program Files/Unity/Hub/Editor/2021.3.4f1/Editor/Data/Managed'
Mono path[1] = 'C:/Program Files/Unity/Hub/Editor/2021.3.4f1/Editor/Data/MonoBleedingEdge/lib/mono/unityjit-win32'
Mono config path = 'C:/Program Files/Unity/Hub/Editor/2021.3.4f1/Editor/Data/MonoBleedingEdge/etc'
Using monoOptions --debugger-agent=transport=dt_socket,embedding=1,server=y,suspend=n,address=127.0.0.1:56208
Begin MonoManager ReloadAssembly
Registering precompiled unity dll's ...
Register platform support module: C:/Program Files/Unity/Hub/Editor/2021.3.4f1/Editor/Data/PlaybackEngines/WebGLSupport/UnityEditor.WebGL.Extensions.dll
Register platform support module: C:/Program Files/Unity/Hub/Editor/2021.3.4f1/Editor/Data/PlaybackEngines/AndroidPlayer/UnityEditor.Android.Extensions.dll
Register platform support module: C:/Program Files/Unity/Hub/Editor/2021.3.4f1/Editor/Data/PlaybackEngines/iOSSupport/UnityEditor.iOS.Extensions.dll
Register platform support module: C:/Program Files/Unity/Hub/Editor/2021.3.4f1/Editor/Data/PlaybackEngines/WindowsStandaloneSupport/UnityEditor.WindowsStandalone.Extensions.dll
Register platform support module: C:/Program Files/Unity/Hub/Editor/2021.3.4f1/Editor/Data/PlaybackEngines/MetroSupport/UnityEditor.UWP.Extensions.dll
Registered in 0.011768 seconds.
Native extension for UWP target not found
Native extension for WindowsStandalone target not found
[usbmuxd] Start listen thread
[usbmuxd] Listen thread started
Native extension for iOS target not found
Native extension for Android target not found
Native extension for WebGL target not found
Refreshing native plugins compatible for Editor in 35.57 ms, found 2 plugins.
Preloading 0 native plugins for Editor in 0.00 ms.
Mono: successfully reloaded assembly
- Completed reload, in  0.670 seconds
Domain Reload Profiling:
	ReloadAssembly (670ms)
		BeginReloadAssembly (83ms)
			ExecutionOrderSort (0ms)
			DisableScriptedObjects (0ms)
			BackupInstance (0ms)
			ReleaseScriptingObjects (0ms)
			CreateAndSetChildDomain (1ms)
		EndReloadAssembly (464ms)
			LoadAssemblies (82ms)
			RebuildTransferFunctionScriptingTraits (0ms)
			SetupTypeCache (116ms)
			ReleaseScriptCaches (0ms)
			RebuildScriptCaches (31ms)
			SetupLoadedEditorAssemblies (264ms)
				LogAssemblyErrors (0ms)
				InitializePlatformSupportModulesInManaged (63ms)
				SetLoadedEditorAssemblies (0ms)
				RefreshPlugins (36ms)
				BeforeProcessingInitializeOnLoad (1ms)
				ProcessInitializeOnLoadAttributes (120ms)
				ProcessInitializeOnLoadMethodAttributes (44ms)
				AfterProcessingInitializeOnLoad (0ms)
				EditorAssembliesLoaded (0ms)
			ExecutionOrderSort2 (0ms)
			AwakeInstancesAfterBackupRestoration (0ms)
Platform modules already initialized, skipping
Registering precompiled user dll's ...
Registered in 0.004221 seconds.
Begin MonoManager ReloadAssembly
Native extension for UWP target not found
Native extension for WindowsStandalone target not found
Native extension for iOS target not found
Native extension for Android target not found
Native extension for WebGL target not found
Refreshing native plugins compatible for Editor in 0.41 ms, found 2 plugins.
Preloading 0 native plugins for Editor in 0.00 ms.
Mono: successfully reloaded assembly
- Completed reload, in  1.132 seconds
Domain Reload Profiling:
	ReloadAssembly (1133ms)
		BeginReloadAssembly (115ms)
			ExecutionOrderSort (0ms)
			DisableScriptedObjects (6ms)
			BackupInstance (0ms)
			ReleaseScriptingObjects (0ms)
			CreateAndSetChildDomain (21ms)
		EndReloadAssembly (890ms)
			LoadAssemblies (81ms)
			RebuildTransferFunctionScriptingTraits (0ms)
			SetupTypeCache (215ms)
			ReleaseScriptCaches (0ms)
			RebuildScriptCaches (48ms)
			SetupLoadedEditorAssemblies (513ms)
				LogAssemblyErrors (0ms)
				InitializePlatformSupportModulesInManaged (28ms)
				SetLoadedEditorAssemblies (0ms)
				RefreshPlugins (0ms)
				BeforeProcessingInitializeOnLoad (68ms)
				ProcessInitializeOnLoadAttributes (379ms)
				ProcessInitializeOnLoadMethodAttributes (28ms)
				AfterProcessingInitializeOnLoad (9ms)
				EditorAssembliesLoaded (0ms)
			ExecutionOrderSort2 (0ms)
			AwakeInstancesAfterBackupRestoration (6ms)
Platform modules already initialized, skipping
========================================================================
Worker process is ready to serve import requests
Launched and connected shader compiler UnityShaderCompiler.exe after 0.05 seconds
Refreshing native plugins compatible for Editor in 0.58 ms, found 2 plugins.
Preloading 0 native plugins for Editor in 0.00 ms.
Unloading 2226 Unused Serialized files (Serialized files now loaded: 0)
Unloading 84 unused Assets / (103.4 KB). Loaded Objects now: 2689.
Memory consumption went from 93.2 MB to 93.1 MB.
Total: 3.795700 ms (FindLiveObjects: 0.341300 ms CreateObjectMapping: 0.194500 ms MarkObjects: 3.087600 ms  DeleteObjects: 0.171100 ms)

AssetImportParameters requested are different than current active one (requested -> active):
  custom:video-decoder-ogg-theora: a1e56fd34408186e4bbccfd4996cb3dc -> 
  custom:container-muxer-webm: aa71ff27fc2769a1b78a27578f13a17b -> 
  custom:container-demuxer-webm: 4f35f7cbe854078d1ac9338744f61a02 -> 
  custom:video-encoder-webm-vp8: eb34c28f22e8b96e1ab97ce403110664 -> 
  custom:audio-encoder-webm-vorbis: bf7c407c2cedff20999df2af8eb42d56 -> 
  custom:framework-win-MediaFoundation: 216162199b28c13a410421893ffa2e32 -> 
  custom:container-demuxer-ogg: 62fdf1f143b41e24485cea50d1cbac27 -> 
  custom:video-decoder-webm-vp8: 9c59270c3fd7afecdb556c50c9e8de78 -> 
  custom:audio-decoder-ogg-vorbis: bf7c407c2cedff20999df2af8eb42d56 -> 
========================================================================
Received Import Request.
  Time since last request: 1047327.482638 seconds.
  path: Assets/Prefabs/Arch-W213-16.prefab
  artifactKey: Guid(732a0143554afd348b10ee6fb23f7090) Importer(815301076,1909f56bfc062723c751e8b465ee728b)
Start importing Assets/Prefabs/Arch-W213-16.prefab using Guid(732a0143554afd348b10ee6fb23f7090) Importer(815301076,1909f56bfc062723c751e8b465ee728b)  -> (artifact id: 'c36d0c3e9d96e626de1686a47d70f305') in 0.055036 seconds 
========================================================================
Received Import Request.
  Time since last request: 0.000020 seconds.
  path: Assets/Prefabs/Raised Plane-W213-16.prefab
  artifactKey: Guid(26440da5d3f04ae4e90ea803adaed137) Importer(815301076,1909f56bfc062723c751e8b465ee728b)
Start importing Assets/Prefabs/Raised Plane-W213-16.prefab using Guid(26440da5d3f04ae4e90ea803adaed137) Importer(815301076,1909f56bfc062723c751e8b465ee728b)  -> (artifact id: 'c70c6df9407b92c6ff5a65bb4bc5207b') in 0.010505 seconds 
========================================================================
Received Import Request.
  Time since last request: 134.791349 seconds.
  path: Assets/Prefabs
  artifactKey: Guid(fb19dc9df65641c41b9bfa5135a78b65) Importer(815301076,1909f56bfc062723c751e8b465ee728b)
Start importing Assets/Prefabs using Guid(fb19dc9df65641c41b9bfa5135a78b65) Importer(815301076,1909f56bfc062723c751e8b465ee728b)  -> (artifact id: '171a66018ba22a964592ea9f6e54909f') in 0.005632 seconds 
========================================================================
Received Import Request.
  Time since last request: 2794.285860 seconds.
  path: Assets/Scenes/SampleScene.unity
  artifactKey: Guid(9fc0d4010bbf28b4594072e72b8655ab) Importer(815301076,1909f56bfc062723c751e8b465ee728b)
Start importing Assets/Scenes/SampleScene.unity using Guid(9fc0d4010bbf28b4594072e72b8655ab) Importer(815301076,1909f56bfc062723c751e8b465ee728b)  -> (artifact id: '69f01f7de996f6ea0d9c21f1a63efad5') in 0.007873 seconds 
========================================================================
Received Import Request.
  Time since last request: 0.642598 seconds.
  path: Assets/Scenes/SampleSceneSettings.lighting
  artifactKey: Guid(e252dcc3740153741a7a357702b56413) Importer(815301076,1909f56bfc062723c751e8b465ee728b)
Start importing Assets/Scenes/SampleSceneSettings.lighting using Guid(e252dcc3740153741a7a357702b56413) Importer(815301076,1909f56bfc062723c751e8b465ee728b)  -> (artifact id: '17e6269f5214990de419ad60d6745c7e') in 0.008590 seconds 
========================================================================
Received Import Request.
  Time since last request: 1982.265303 seconds.
  path: Assets/Scenes/New Scene.unity
  artifactKey: Guid(a54fdfd15186db843ae02bf18ac3b965) Importer(815301076,1909f56bfc062723c751e8b465ee728b)
Start importing Assets/Scenes/New Scene.unity using Guid(a54fdfd15186db843ae02bf18ac3b965) Importer(815301076,1909f56bfc062723c751e8b465ee728b)  -> (artifact id: '773b804c417dcde2bd51ca03390c0610') in 0.007031 seconds 
========================================================================
Received Import Request.
  Time since last request: 110.421903 seconds.
  path: Assets/Polybrush Data/Color Palette
  artifactKey: Guid(db9907c2e8a554c4c88437244725b3b1) Importer(815301076,1909f56bfc062723c751e8b465ee728b)
Start importing Assets/Polybrush Data/Color Palette using Guid(db9907c2e8a554c4c88437244725b3b1) Importer(815301076,1909f56bfc062723c751e8b465ee728b)  -> (artifact id: '983a0efa2797591f6670764475aac027') in 0.008066 seconds 
========================================================================
Received Import Request.
  Time since last request: 18.226059 seconds.
  path: Assets/Scenes/New Scene.unity
  artifactKey: Guid(a54fdfd15186db843ae02bf18ac3b965) Importer(815301076,1909f56bfc062723c751e8b465ee728b)
Start importing Assets/Scenes/New Scene.unity using Guid(a54fdfd15186db843ae02bf18ac3b965) Importer(815301076,1909f56bfc062723c751e8b465ee728b)  -> (artifact id: '36871559726ec9072105e7e9332c6e63') in 0.002349 seconds 
========================================================================
Received Import Request.
  Time since last request: 13.184423 seconds.
  path: Assets/Scenes/Map.unity
  artifactKey: Guid(a54fdfd15186db843ae02bf18ac3b965) Importer(815301076,1909f56bfc062723c751e8b465ee728b)
Start importing Assets/Scenes/Map.unity using Guid(a54fdfd15186db843ae02bf18ac3b965) Importer(815301076,1909f56bfc062723c751e8b465ee728b)  -> (artifact id: 'cac087cf246258284d211fb17a6fadc5') in 0.007693 seconds 
========================================================================
Received Import Request.
  Time since last request: 118.352543 seconds.
  path: Assets/Scenes/TargetMap.png
  artifactKey: Guid(4418728865cf9e14fb4e01c6d069f9dd) Importer(815301076,1909f56bfc062723c751e8b465ee728b)
Start importing Assets/Scenes/TargetMap.png using Guid(4418728865cf9e14fb4e01c6d069f9dd) Importer(815301076,1909f56bfc062723c751e8b465ee728b)  -> (artifact id: '4514d1834c116ca67400bfcb6d577e59') in 0.045214 seconds 
========================================================================
Received Import Request.
  Time since last request: 231.141546 seconds.
  path: Assets/Scenes/Map.unity
  artifactKey: Guid(a54fdfd15186db843ae02bf18ac3b965) Importer(815301076,1909f56bfc062723c751e8b465ee728b)
Start importing Assets/Scenes/Map.unity using Guid(a54fdfd15186db843ae02bf18ac3b965) Importer(815301076,1909f56bfc062723c751e8b465ee728b)  -> (artifact id: '7f6559ed838cfa80da95e4af2088ac83') in 0.002421 seconds 
========================================================================
Received Import Request.
  Time since last request: 2.648570 seconds.
  path: Assets/Scenes/Materials
  artifactKey: Guid(81464c037e071e84e998c95bb545c594) Importer(815301076,1909f56bfc062723c751e8b465ee728b)
Start importing Assets/Scenes/Materials using Guid(81464c037e071e84e998c95bb545c594) Importer(815301076,1909f56bfc062723c751e8b465ee728b)  -> (artifact id: '8831d60ac24f48ff26f364df3d465201') in 0.008235 seconds 
========================================================================
Received Import Request.
  Time since last request: 0.375673 seconds.
  path: Assets/Scenes/Materials/TargetMap.mat
  artifactKey: Guid(13ad076af026dbb45aae0480aa0006d2) Importer(815301076,1909f56bfc062723c751e8b465ee728b)
Start importing Assets/Scenes/Materials/TargetMap.mat using Guid(13ad076af026dbb45aae0480aa0006d2) Importer(815301076,1909f56bfc062723c751e8b465ee728b)  -> (artifact id: 'dbd1ca5e3db5f6ef2571113e46af904e') in 0.237750 seconds 
